{"level":"info","request_id":"0d2f62c8-4cdd-4b3b-bfb1-137a1a2ef783","method":"POST","path":"/v1/public-api/user/login","resp_time":1550.244,"status":200,"client_ip":"::1","time":1749443323,"message":"login successfully"}
{"level":"info","request_id":"b422417c-023a-4504-9e71-ba7bfdefbc09","method":"POST","path":"/v1/public-api/user/login","resp_time":1716.038,"status":200,"client_ip":"::1","time":1749443548,"message":"login successfully"}
{"level":"info","request_id":"df014a6a-6f42-4677-b2af-86c69e048796","method":"POST","path":"/v1/public-api/user/login","resp_time":2253.461,"status":200,"client_ip":"::1","time":1749443619,"message":"login successfully"}
{"level":"info","request_id":"33e7e5e0-4606-4951-958a-63dbcd815645","method":"POST","path":"/v1/public-api/user/login","resp_time":1976.042,"status":200,"client_ip":"::1","time":1749443626,"message":"login successfully"}
{"level":"info","request_id":"fd413307-2ea3-49b5-b12b-3616fd63674c","method":"POST","path":"/v1/public-api/user/login","resp_time":1777.291,"status":200,"client_ip":"::1","time":1749443696,"message":"login successfully"}
{"level":"info","request_id":"d096e48a-b887-44e1-9b39-872abf59ff8f","method":"POST","path":"/v1/public-api/user/login","resp_time":1336.973,"status":200,"client_ip":"::1","time":1749443826,"message":"login successfully"}
{"level":"info","request_id":"36cd0b6d-7add-4823-8f7e-b90a240f881b","method":"POST","path":"/v1/public-api/user/login","resp_time":1594.289,"status":200,"client_ip":"::1","time":1749444080,"message":"login successfully"}
{"level":"info","request_id":"4cc572ec-2529-41a2-85ac-521e8de96fb2","method":"POST","path":"/v1/public-api/user/login","resp_time":1416.315,"status":200,"client_ip":"::1","time":1749444226,"message":"login successfully"}
{"level":"info","request_id":"836f603f-0520-475e-b621-5c37aeca57c0","method":"POST","path":"/v1/public-api/user/login","resp_time":1575.7,"status":200,"client_ip":"::1","time":1749444400,"message":"login successfully"}
{"level":"info","request_id":"0a4574d6-26b7-4cf7-94c4-d610555f88f4","method":"POST","path":"/v1/public-api/user/login","resp_time":698.29,"status":200,"client_ip":"::1","time":1749445897,"message":"incorrect username or password"}
{"level":"info","request_id":"8df5ca33-d0b4-492c-89f5-1964f6291994","method":"POST","path":"/v1/public-api/user/login","resp_time":713.784,"status":200,"client_ip":"::1","time":1749445912,"message":"incorrect username or password"}
{"level":"info","request_id":"fe2413ba-59df-41db-adb1-5a594f222933","method":"POST","path":"/v1/public-api/user/register","resp_time":1369.595,"status":200,"client_ip":"::1","time":1749445922,"message":"register successfully"}
{"level":"info","request_id":"4e46e526-08fb-472d-8f56-08dabc143c6a","method":"POST","path":"/v1/public-api/user/login","resp_time":1757.265,"status":200,"client_ip":"::1","time":1749445927,"message":"login successfully"}
{"level":"info","request_id":"1564fe1a-5ef8-4f5f-b5a2-a54b82b872dd","method":"POST","path":"/v1/public-api/user/login","resp_time":177698.203,"status":200,"client_ip":"::1","time":1749446879,"message":"login successfully"}
{"level":"info","request_id":"e2236e2b-0300-4afa-9d2f-ca47e588c341","method":"POST","path":"/v1/public-api/user/login","resp_time":1231.668,"status":200,"client_ip":"::1","time":1749446920,"message":"login successfully"}
{"level":"info","request_id":"29411e8a-a0ac-4eeb-b4cb-331f41ea8c25","method":"POST","path":"/v1/public-api/user/login","resp_time":1565.872,"status":200,"client_ip":"::1","time":1749446999,"message":"login successfully"}
{"level":"info","request_id":"45d372ee-0eeb-4a91-a9b5-7ca8a2bc940e","method":"POST","path":"/v1/public-api/user/login","resp_time":32574.513,"status":200,"client_ip":"::1","time":1749447040,"message":"login successfully"}
{"level":"info","request_id":"1e326aaf-e51a-4126-8db4-f85376600c04","method":"POST","path":"/v1/public-api/user/login","resp_time":1195.756,"status":200,"client_ip":"::1","time":1749447241,"message":"login successfully"}
{"level":"info","request_id":"f8a35221-9cbf-4dfd-9d32-cc5381de94f5","method":"POST","path":"/v1/public-api/user/login","resp_time":1323.214,"status":200,"client_ip":"::1","time":1749447675,"message":"login successfully"}
{"level":"info","request_id":"458fb46a-c9ac-428f-b47d-58194f16beb7","method":"POST","path":"/v1/public-api/user/login","resp_time":1740.804,"status":200,"client_ip":"::1","time":1749447804,"message":"login successfully"}
{"level":"info","request_id":"f76f00ab-bbf4-437e-b875-b63a434c9cfb","method":"POST","path":"/v1/public-api/user/login","resp_time":1596.815,"status":200,"client_ip":"::1","time":1749447892,"message":"login successfully"}
{"level":"info","request_id":"ad7541f3-7f76-4020-ab58-48ad9c2b14af","method":"POST","path":"/v1/public-api/user/login","resp_time":1268.378,"status":200,"client_ip":"::1","time":1749448000,"message":"login successfully"}
{"level":"info","request_id":"7adb6bdc-cee3-4f45-aab2-c0dd5d6a2661","method":"POST","path":"/v1/public-api/user/register","resp_time":1761.093,"status":200,"client_ip":"::1","time":1749448039,"message":"register successfully"}
{"level":"info","request_id":"60d415b9-6b1f-4733-8f5b-c07509e0ea67","method":"POST","path":"/v1/public-api/user/login","resp_time":1989.289,"status":200,"client_ip":"::1","time":1749448042,"message":"login successfully"}
{"level":"info","request_id":"2cef1a0f-0f2d-4c55-b92f-a11285b281dd","method":"POST","path":"/v1/public-api/user/login","resp_time":690.451,"status":200,"client_ip":"::1","time":1749448124,"message":"incorrect username or password"}
{"level":"info","request_id":"89e777b9-01a2-45f1-8ff9-660ddb686e66","method":"POST","path":"/v1/public-api/user/register","resp_time":1910.284,"status":200,"client_ip":"::1","time":1749449030,"message":"register successfully"}
{"level":"info","request_id":"54f6a73e-191f-4c0e-9803-7e25db3e1426","method":"POST","path":"/v1/public-api/user/login","resp_time":1976.756,"status":200,"client_ip":"::1","time":"2025-06-09T13:26:23+07:00","message":"login successfully"}
{"level":"info","request_id":"7c56bf22-a1f2-4265-9329-b4a5dcdc79e3","method":"POST","path":"/v1/public-api/user/login","resp_time":1928.229,"status":200,"client_ip":"::1","time":"2025-06-09T13:27:09+07:00","message":"login successfully"}
{"level":"info","request_id":"5e5efa80-ec7b-47ed-a091-6df6983db529","method":"POST","path":"/v1/public-api/user/login","resp_time":1518.868,"status":200,"client_ip":"::1","time":"2025-06-09T22:07:53+07:00","message":"login successfully"}
{"level":"info","request_id":"97ccfefb-2461-49a0-b40a-3a2e27a3264d","method":"POST","path":"/v1/api/attendance/employee","resp_time":620.668,"status":200,"client_ip":"::1","time":"2025-06-09T22:09:30+07:00","message":"insert attendance successfully"}
{"level":"info","request_id":"41638e87-1e7d-442e-b7d7-342c7c28eb8f","method":"POST","path":"/v1/api/attendance/employee","resp_time":73.284,"status":200,"client_ip":"::1","time":"2025-06-09T22:09:39+07:00","message":"insert attendance successfully"}
{"level":"info","request_id":"6d6123d6-33bf-49d6-9a92-50e4fe2ea924","method":"POST","path":"/v1/api/attendance/employee","resp_time":107.616,"status":200,"client_ip":"::1","time":"2025-06-09T22:19:38+07:00","message":"insert check in successfully"}
{"level":"info","request_id":"1e0fd9f5-b4eb-4884-b844-a868a71b9543","method":"POST","path":"/v1/api/attendance/employee","resp_time":630.554,"status":200,"client_ip":"::1","time":"2025-06-09T22:19:40+07:00","message":"insert check out successfully"}
{"level":"info","request_id":"33efa48f-6ee4-4099-8223-5f377f42053d","method":"POST","path":"/v1/api/attendance/employee","resp_time":483.271,"status":200,"client_ip":"::1","time":"2025-06-09T22:19:42+07:00","message":"insert check out successfully"}
{"level":"info","request_id":"6075f3a5-0a23-4bda-b948-eba4e49652ad","method":"POST","path":"/v1/api/attendance/employee","resp_time":797.715,"status":200,"client_ip":"::1","time":"2025-06-09T22:19:43+07:00","message":"insert check out successfully"}
{"level":"info","request_id":"21e71719-a92c-46ff-87fe-786ac0706341","method":"POST","path":"/v1/api/attendance/employee","resp_time":1021.753,"status":200,"client_ip":"::1","time":"2025-06-09T22:23:34+07:00","message":"insert check in successfully"}
{"level":"info","request_id":"575b6ef4-c216-46d0-80b8-22b0d024ace5","method":"POST","path":"/v1/api/attendance/employee","resp_time":780.348,"status":200,"client_ip":"::1","time":"2025-06-09T22:23:43+07:00","message":"insert check out successfully"}
{"level":"info","request_id":"02e53847-657a-4784-9a86-efd42f5a7f99","method":"POST","path":"/v1/api/attendance/employee","resp_time":325.687,"status":200,"client_ip":"::1","time":"2025-06-09T22:23:47+07:00","message":"insert check out successfully"}
{"level":"info","request_id":"9eb98bb5-5a0b-4ba4-b007-9ee6d528dd8d","method":"POST","path":"/v1/api/attendance/employee","resp_time":627.432,"status":200,"client_ip":"::1","time":"2025-06-09T22:23:48+07:00","message":"insert check out successfully"}
{"level":"info","request_id":"ed6e1c70-4a69-4917-886d-57ab14da5578","method":"POST","path":"/v1/api/attendance/employee","resp_time":398.816,"status":200,"client_ip":"::1","time":"2025-06-09T22:25:41+07:00","message":"insert check in successfully"}
{"level":"info","request_id":"e8f0d9c2-5cb1-43d4-bee5-a2f7ba782006","method":"POST","path":"/v1/api/attendance/employee","resp_time":271.339,"status":200,"client_ip":"::1","time":"2025-06-09T22:26:09+07:00","message":"insert check out successfully"}
{"level":"info","request_id":"fbefefc3-5433-4205-a449-8eb3604dcce3","method":"POST","path":"/v1/api/attendance/employee","resp_time":1006.803,"status":200,"client_ip":"::1","time":"2025-06-09T22:29:21+07:00","message":"insert check out successfully"}
{"level":"info","request_id":"7028b7e7-da9f-49ba-ab3c-0b44d9774d31","method":"POST","path":"/v1/api/attendance/employee","resp_time":432.523,"status":200,"client_ip":"::1","time":"2025-06-09T22:29:32+07:00","message":"insert check out successfully"}
{"level":"info","request_id":"0ee849b7-e353-42f8-bcad-a9088442d988","method":"POST","path":"/v1/api/attendance/employee","resp_time":917.684,"status":200,"client_ip":"::1","time":"2025-06-09T22:29:44+07:00","message":"insert check out successfully"}
{"level":"info","request_id":"768e8dd7-9550-4d67-8181-95005bc32258","method":"POST","path":"/v1/public-api/user/register","resp_time":2035.499,"status":200,"client_ip":"::1","time":"2025-06-09T22:34:15+07:00","message":"register successfully"}
{"level":"info","request_id":"6669d92f-c85a-4f7e-a962-d3334adef14c","method":"POST","path":"/v1/public-api/user/login","resp_time":1942.592,"status":200,"client_ip":"::1","time":"2025-06-09T22:34:18+07:00","message":"login successfully"}
{"level":"info","request_id":"821e6e73-11da-466c-b998-3541179df200","method":"POST","path":"/v1/api/attendance/employee","resp_time":807.382,"status":200,"client_ip":"::1","time":"2025-06-09T22:34:27+07:00","message":"insert CHECK IN successfully"}
{"level":"info","request_id":"ad1e75b0-cac8-43fe-8ad5-73129ccad5a4","method":"POST","path":"/v1/api/attendance/employee","resp_time":991.861,"status":200,"client_ip":"::1","time":"2025-06-09T22:34:29+07:00","message":"insert CHECK OUT successfully"}
{"level":"info","request_id":"fab8d96d-d59b-4cc4-ab98-5c45014654f6","method":"POST","path":"/v1/api/attendance/employee","resp_time":194.291,"status":200,"client_ip":"::1","time":"2025-06-09T22:37:32+07:00","message":"ERROR: syntax error at end of input (SQLSTATE 42601)"}
{"level":"info","request_id":"9710aa5b-835b-44c3-8c9d-65f447555842","method":"POST","path":"/v1/api/attendance/employee","resp_time":71.438,"status":200,"client_ip":"::1","time":"2025-06-09T22:43:50+07:00","message":"ERROR: syntax error at end of input (SQLSTATE 42601)"}
{"level":"info","request_id":"b61a604b-e22e-46f7-a61b-02c84fa9d8e3","method":"POST","path":"/v1/api/attendance/employee","resp_time":439.389,"status":200,"client_ip":"::1","time":"2025-06-09T23:03:27+07:00","message":"insert  successfully"}
{"level":"info","request_id":"0b878b41-24a9-4ce7-925e-897a236ce5ec","method":"POST","path":"/v1/api/attendance/employee","resp_time":851.078,"status":200,"client_ip":"::1","time":"2025-06-09T23:05:24+07:00","message":"record not found"}
{"level":"info","request_id":"a4a13566-5d04-47d6-84c0-44da88076028","method":"POST","path":"/v1/api/attendance/employee","resp_time":679.872,"status":200,"client_ip":"::1","time":"2025-06-09T23:10:56+07:00","message":"insert CHECK IN successfully"}
{"level":"info","request_id":"173e18c9-ccb6-4be2-951c-0846e9aba68b","method":"POST","path":"/v1/api/attendance/employee","resp_time":683.789,"status":200,"client_ip":"::1","time":"2025-06-09T23:13:19+07:00","message":"insert CHECK OUT successfully"}
{"level":"info","request_id":"db0bbade-3002-46b1-bad8-fc556cc12142","method":"POST","path":"/v1/api/attendance/employee","resp_time":814.824,"status":200,"client_ip":"::1","time":"2025-06-09T23:13:22+07:00","message":"insert  successfully"}
{"level":"info","request_id":"7b937a61-1c83-45a1-b2cb-b4222a2240f3","method":"POST","path":"/v1/api/attendance/admin","resp_time":435.601,"status":200,"client_ip":"::1","time":"2025-06-10T01:39:36+07:00","message":"token has invalid claims"}
{"level":"info","request_id":"bca2c3db-9735-4d3f-ab40-900b391ba3f1","method":"POST","path":"/v1/public-api/user/login","resp_time":1659.157,"status":200,"client_ip":"::1","time":"2025-06-10T01:39:56+07:00","message":"login successfully"}
{"level":"info","request_id":"05aa0a08-e8ea-4763-a26a-93941eafedb8","method":"POST","path":"/v1/api/attendance/admin","resp_time":986.702,"status":200,"client_ip":"::1","time":"2025-06-10T01:40:04+07:00","message":"only admins with access"}
{"level":"info","request_id":"a5cef3ff-b928-43f8-b3d4-25a047202bd9","method":"POST","path":"/v1/public-api/user/login","resp_time":1901.285,"status":200,"client_ip":"::1","time":"2025-06-10T01:41:51+07:00","message":"login successfully"}
{"level":"info","request_id":"e30fdf58-401b-431a-898d-50ecb11c6637","method":"POST","path":"/v1/api/attendance/admin","resp_time":59.316,"status":200,"client_ip":"::1","time":"2025-06-10T01:42:02+07:00","message":"unsupported data type: &[]: Table not set, please set it like: db.Model(&user) or db.Table(\"users\")"}
{"level":"info","request_id":"ece9a84d-cb8c-4bc1-886a-28e5229ccaee","method":"POST","path":"/v1/api/attendance/admin","resp_time":260.87,"status":200,"client_ip":"::1","time":"2025-06-10T01:46:30+07:00","message":"insert successfully"}
{"level":"info","request_id":"b393ea3f-ff4e-4d4a-824d-0ca89065cfd0","method":"POST","path":"/v1/api/attendance/admin","resp_time":670.563,"status":200,"client_ip":"::1","time":"2025-06-10T01:47:21+07:00","message":"insert successfully"}
{"level":"info","request_id":"90f89c2f-a4dd-4a8a-b453-936da522c9a0","method":"POST","path":"/v1/api/attendance/admin","resp_time":369.053,"status":200,"client_ip":"::1","time":"2025-06-10T01:51:19+07:00","message":"insert successfully"}
{"level":"info","request_id":"579b9e4b-1bca-444e-8252-b7f9f61cfd5e","method":"POST","path":"/v1/api/attendance/admin","resp_time":522.083,"status":200,"client_ip":"::1","time":"2025-06-10T01:53:40+07:00","message":"insert successfully"}
{"level":"info","request_id":"2caf2ec6-9618-415d-ae39-d1fb6e5d543d","method":"POST","path":"/v1/api/attendance/admin","resp_time":698.796,"status":200,"client_ip":"::1","time":"2025-06-10T01:57:53+07:00","message":"insert successfully"}
{"level":"info","request_id":"056db617-c811-4968-ae0c-3fc401120749","method":"POST","path":"/v1/api/attendance/admin","resp_time":814.749,"status":200,"client_ip":"::1","time":"2025-06-10T02:12:17+07:00","message":"insert successfully"}
{"level":"info","request_id":"f548e6bf-12d5-412d-aaa8-9843899af84e","method":"POST","path":"/v1/api/attendance/admin","resp_time":557.101,"status":200,"client_ip":"::1","time":"2025-06-10T02:13:46+07:00","message":"insert successfully"}
{"level":"info","request_id":"59e1cc41-7cdc-46cd-b503-c1f737c01d1f","method":"POST","path":"/v1/api/attendance/admin","resp_time":212.847,"status":200,"client_ip":"::1","time":"2025-06-10T02:14:19+07:00","message":"empty slice found"}
{"level":"info","request_id":"236aee0f-c5ba-496a-ae6a-8d26b731c72c","method":"POST","path":"/v1/api/attendance/admin","resp_time":1001.939,"status":200,"client_ip":"::1","time":"2025-06-10T02:15:49+07:00","message":"insert successfully"}
{"level":"info","request_id":"6dd22434-c489-40e6-9531-7e6bc6ad1df9","method":"POST","path":"/v1/api/attendance/admin","resp_time":538.372,"status":200,"client_ip":"::1","time":"2025-06-10T02:16:50+07:00","message":"insert successfully"}
{"level":"info","request_id":"c8f06a5f-769c-4620-ae4c-c5e465b7ed3a","method":"POST","path":"/v1/api/attendance/overtime","resp_time":579.2,"status":200,"client_ip":"::1","time":"2025-06-10T02:47:45+07:00","message":"token has invalid claims"}
{"level":"info","request_id":"742862cf-b627-4872-b795-c0816b00dfae","method":"POST","path":"/v1/public-api/user/login","resp_time":1585.719,"status":200,"client_ip":"::1","time":"2025-06-10T02:47:52+07:00","message":"login successfully"}
{"level":"info","request_id":"351d97d0-0e47-4fe8-9b75-08d3bb91dedc","method":"POST","path":"/v1/api/attendance/overtime","resp_time":291.133,"status":200,"client_ip":"::1","time":"2025-06-10T02:48:03+07:00","message":"Key: 'ParamBulkAttendance.StartDate' Error:Field validation for 'StartDate' failed on the 'required' tag\nKey: 'ParamBulkAttendance.EndDate' Error:Field validation for 'EndDate' failed on the 'required' tag\nKey: 'ParamBulkAttendance.EmployeeID' Error:Field validation for 'EmployeeID' failed on the 'required' tag"}
{"level":"info","request_id":"5076e359-1f4f-4d39-94f1-f4d26253320c","method":"POST","path":"/v1/api/attendance/overtime","resp_time":607.978,"status":200,"client_ip":"::1","time":"2025-06-10T02:48:31+07:00","message":"Key: 'ParamBulkAttendance.StartDate' Error:Field validation for 'StartDate' failed on the 'required' tag\nKey: 'ParamBulkAttendance.EndDate' Error:Field validation for 'EndDate' failed on the 'required' tag\nKey: 'ParamBulkAttendance.EmployeeID' Error:Field validation for 'EmployeeID' failed on the 'required' tag"}
{"level":"info","request_id":"04f50963-76cf-4394-a5a4-846b7861a62d","method":"POST","path":"/v1/api/attendance/overtime","resp_time":359.301,"status":200,"client_ip":"::1","time":"2025-06-10T02:49:52+07:00","message":"json: cannot unmarshal string into Go struct field ParamOvertime.hours of type int"}
{"level":"info","request_id":"986a9a9a-2264-4261-88c9-769c78d67b50","method":"POST","path":"/v1/api/attendance/overtime","resp_time":128.223,"status":200,"client_ip":"::1","time":"2025-06-10T02:50:04+07:00","message":"Key: 'ParamOvertime.Hours' Error:Field validation for 'Hours' failed on the 'lte' tag"}
{"level":"info","request_id":"ba20c33f-fecc-4278-94fb-67e2ee4beaa7","method":"POST","path":"/v1/api/attendance/overtime","resp_time":674.443,"status":200,"client_ip":"::1","time":"2025-06-10T02:50:10+07:00","message":"insert successfully"}
{"level":"info","request_id":"959be262-4d8f-4547-99fc-b5ab9e511e8c","method":"POST","path":"/v1/api/attendance/overtime","resp_time":602.271,"status":200,"client_ip":"::1","time":"2025-06-10T02:50:51+07:00","message":"insert successfully"}
{"level":"info","request_id":"b1375fe7-88ba-4c9b-85ab-68d1010efc10","method":"POST","path":"/v1/api/attendance/overtime","resp_time":1035.062,"status":200,"client_ip":"::1","time":"2025-06-10T02:51:28+07:00","message":"insert successfully"}
{"level":"info","request_id":"ebf72da5-b34f-443a-9023-5052a8f4d3bb","method":"POST","path":"/v1/api/attendance/overtime","resp_time":922.049,"status":200,"client_ip":"::1","time":"2025-06-10T02:51:42+07:00","message":"insert successfully"}
{"level":"info","request_id":"c13fee03-7b9b-43cc-943b-a3f724ddac2b","method":"POST","path":"/v1/api/attendance/overtime","resp_time":291.261,"status":200,"client_ip":"::1","time":"2025-06-10T02:52:25+07:00","message":"insert successfully"}
{"level":"info","request_id":"3bd1874b-6c3c-4909-85d2-c5a4aad59d35","method":"POST","path":"/v1/api/attendance/overtime","resp_time":623.176,"status":200,"client_ip":"::1","time":"2025-06-10T02:52:29+07:00","message":"insert successfully"}
{"level":"info","request_id":"25e81ee3-4b1d-46e3-86ca-f86bc120e2ad","method":"POST","path":"/v1/api/attendance/overtime","resp_time":770.659,"status":200,"client_ip":"::1","time":"2025-06-10T02:54:33+07:00","message":"overtime max 3 hours"}
{"level":"info","request_id":"c67be53d-397a-429d-81d2-6534448cf463","method":"POST","path":"/v1/api/attendance/overtime","resp_time":789.666,"status":200,"client_ip":"::1","time":"2025-06-10T02:55:00+07:00","message":"insert successfully"}
{"level":"info","request_id":"44b211aa-7361-48a5-b607-7a49d5886c9f","method":"POST","path":"/v1/api/attendance/overtime","resp_time":303.79,"status":200,"client_ip":"::1","time":"2025-06-10T02:55:04+07:00","message":"overtime max 3 hours"}
{"level":"info","request_id":"0debfe10-c9a6-4eca-9180-9ed39d87a5e4","method":"POST","path":"/v1/api/attendance/overtime","resp_time":946.81,"status":200,"client_ip":"::1","time":"2025-06-10T03:15:25+07:00","message":"overtime must be proposed after check out"}
{"level":"info","request_id":"6c1b60f0-fb2e-45d7-877b-81911de692b9","method":"POST","path":"/v1/api/attendance/employee","resp_time":880.133,"status":200,"client_ip":"::1","time":"2025-06-10T03:15:43+07:00","message":"insert CHECK IN successfully"}
{"level":"info","request_id":"9e52fda7-76c0-4ed2-8c41-47b04b7ee39a","method":"POST","path":"/v1/api/attendance/overtime","resp_time":615.215,"status":200,"client_ip":"::1","time":"2025-06-10T03:15:48+07:00","message":"overtime must be proposed after check out"}
{"level":"info","request_id":"c7c84c2b-88b7-46f7-9e49-b02f05c31e8c","method":"POST","path":"/v1/api/attendance/employee","resp_time":233.146,"status":200,"client_ip":"::1","time":"2025-06-10T03:15:52+07:00","message":"insert CHECK OUT successfully"}
{"level":"info","request_id":"fe094540-fef4-4494-aa96-2a16a7427bed","method":"POST","path":"/v1/api/attendance/overtime","resp_time":704.712,"status":200,"client_ip":"::1","time":"2025-06-10T03:15:55+07:00","message":"insert successfully"}
{"level":"info","request_id":"7e3abda6-ea11-4247-a4fb-80ebcc74fa55","method":"POST","path":"/v1/api/attendance/overtime","resp_time":397.322,"status":200,"client_ip":"::1","time":"2025-06-10T03:16:31+07:00","message":"overtime max 3 hours"}
{"level":"info","request_id":"b72bffcf-1583-4995-b59a-4f943f4d09e5","method":"POST","path":"/v1/api/reimbursement/","resp_time":506.339,"status":200,"client_ip":"::1","time":"2025-06-10T06:03:08+07:00","message":"token has invalid claims"}
{"level":"info","request_id":"16c72bb9-625c-476c-bc00-c2594e23416d","method":"POST","path":"/v1/public-api/user/register","resp_time":1326.019,"status":200,"client_ip":"::1","time":"2025-06-10T06:03:15+07:00","message":"register successfully"}
{"level":"info","request_id":"28083ad7-b40e-4fb1-b63c-19d0f084a509","method":"POST","path":"/v1/api/reimbursement/","resp_time":646.844,"status":200,"client_ip":"::1","time":"2025-06-10T06:03:26+07:00","message":"ERROR: null value in column \"payroll\" of relation \"reimbursement\" violates not-null constraint (SQLSTATE 23502)"}
{"level":"info","request_id":"01e3fb46-bb1e-4289-8c9b-687b5094f6b9","method":"POST","path":"/v1/api/reimbursement/","resp_time":718.084,"status":200,"client_ip":"::1","time":"2025-06-10T06:04:24+07:00","message":"user not found"}
{"level":"info","request_id":"030a9545-9082-4217-ab48-6860924f7183","method":"POST","path":"/v1/public-api/user/register","resp_time":1482.274,"status":200,"client_ip":"::1","time":"2025-06-10T06:04:30+07:00","message":"register successfully"}
{"level":"info","request_id":"2f6d8c34-55f7-4780-ae60-59e84c92f567","method":"POST","path":"/v1/api/reimbursement/","resp_time":1005.366,"status":200,"client_ip":"::1","time":"2025-06-10T06:04:43+07:00","message":"insert successfully"}
{"level":"info","request_id":"929ecbfe-3fdb-46fe-9002-99560cad0f4f","method":"POST","path":"/v1/api/reimbursement/","resp_time":376.626,"status":200,"client_ip":"::1","time":"2025-06-10T06:07:37+07:00","message":"insert successfully"}
{"level":"info","request_id":"109d3852-d4c3-4922-a728-a877b7f29dff","method":"POST","path":"/v1/public-api/user/register","resp_time":1907.837,"status":200,"client_ip":"::1","time":"2025-06-10T06:33:33+07:00","message":"register successfully"}
{"level":"info","request_id":"1da3bb0d-7d41-4b95-872d-a4d9796df35f","method":"POST","path":"/v1/public-api/user/login","resp_time":1575.171,"status":200,"client_ip":"::1","time":"2025-06-10T07:57:03+07:00","message":"login successfully"}
{"level":"info","request_id":"a58c1a69-afc8-4de3-b30c-a154cc29fb59","method":"POST","path":"/v1/api/attendance/employee","resp_time":808.614,"status":200,"client_ip":"::1","time":"2025-06-10T07:57:11+07:00","message":"insert CHECK IN successfully"}
{"level":"info","request_id":"452bf47c-cfbe-421a-9e64-37a15e383dec","method":"POST","path":"/v1/api/attendance/overtime","resp_time":565.28,"status":200,"client_ip":"::1","time":"2025-06-10T08:00:44+07:00","message":"overtime must be proposed after check out"}
{"level":"info","request_id":"7cca91d0-f9e8-49b9-938d-781295abec91","method":"POST","path":"/v1/api/attendance/employee","resp_time":669.658,"status":200,"client_ip":"::1","time":"2025-06-10T08:00:51+07:00","message":"insert CHECK OUT successfully"}
{"level":"info","request_id":"c74f0ced-12e2-44be-8dc2-3bb4c31c8528","method":"POST","path":"/v1/api/attendance/overtime","resp_time":996.467,"status":200,"client_ip":"::1","time":"2025-06-10T08:00:55+07:00","message":"insert successfully"}
{"level":"info","request_id":"6a5100c7-bd77-4120-93cf-ac3eb0d8d593","method":"POST","path":"/v1/api/reimbursement/","resp_time":834.385,"status":200,"client_ip":"::1","time":"2025-06-10T08:29:34+07:00","message":"insert successfully"}
{"level":"info","request_id":"420bc5a0-ae27-4afe-a80e-9aa24cc95eee","method":"POST","path":"/v1/api/payroll/","resp_time":752.622,"status":200,"client_ip":"::1","time":"2025-06-10T08:54:04+07:00","message":"token has invalid claims"}
{"level":"info","request_id":"163862f7-0bb8-411a-b354-affa3fe99378","method":"POST","path":"/v1/public-api/user/login","resp_time":1985.977,"status":200,"client_ip":"::1","time":"2025-06-10T08:54:12+07:00","message":"login successfully"}
{"level":"info","request_id":"022b38b8-15eb-4fab-b895-ad3bc43a7bf9","method":"POST","path":"/v1/api/payroll/","resp_time":356.274,"status":200,"client_ip":"::1","time":"2025-06-10T08:54:30+07:00","message":"Key: 'ParamGeneratePayroll.PayrollDate' Error:Field validation for 'PayrollDate' failed on the 'required' tag"}
{"level":"info","request_id":"b725ed34-069d-409d-b481-5026eb63ec43","method":"POST","path":"/v1/api/payroll/","resp_time":949.075,"status":200,"client_ip":"::1","time":"2025-06-10T08:56:02+07:00","message":"Key: 'ParamGeneratePayroll.PayrollDate' Error:Field validation for 'PayrollDate' failed on the 'datetime' tag"}
{"level":"info","request_id":"1a883391-7669-4b63-bd5a-78dc2c7db2ff","method":"POST","path":"/v1/api/payroll/","resp_time":638.772,"status":200,"client_ip":"::1","time":"2025-06-10T08:56:11+07:00","message":"insert successfully"}
{"level":"info","request_id":"e3ad5a16-3255-49f5-95cd-132682f98a5a","method":"POST","path":"/v1/api/payroll/","resp_time":405.889,"status":200,"client_ip":"::1","time":"2025-06-10T08:59:49+07:00","message":"Setting Payroll does not exist"}
{"level":"info","request_id":"7b5e08d8-64f0-42f8-bba5-5d2a0eec60c9","method":"POST","path":"/v1/api/payroll/","resp_time":964.112,"status":200,"client_ip":"::1","time":"2025-06-10T09:00:21+07:00","message":"insert successfully"}
{"level":"info","request_id":"13837c59-189e-44b5-bb38-0ca665d49ec7","method":"POST","path":"/v1/api/payroll/","resp_time":693.374,"status":200,"client_ip":"::1","time":"2025-06-10T09:02:53+07:00","message":"ERROR: OFFSET must not be negative (SQLSTATE 2201X)"}
{"level":"info","request_id":"a4d6e1b0-9b23-46fe-9945-46d44ca05976","method":"POST","path":"/v1/api/payroll/","resp_time":274.343,"status":200,"client_ip":"::1","time":"2025-06-10T09:03:19+07:00","message":"ERROR: OFFSET must not be negative (SQLSTATE 2201X)"}
{"level":"info","request_id":"34e551fc-6d74-4a89-a755-cf6eee2b744c","method":"POST","path":"/v1/api/payroll/","resp_time":859.642,"status":200,"client_ip":"::1","time":"2025-06-10T09:09:51+07:00","message":"insert successfully"}
{"level":"info","request_id":"e0acb6de-1a6a-46c0-95a8-840ace1b106d","method":"POST","path":"/v1/api/payroll/","resp_time":32403.846,"status":200,"client_ip":"::1","time":"2025-06-10T09:16:59+07:00","message":"ERROR: relation \"payroll \" does not exist (SQLSTATE 42P01)"}
{"level":"info","request_id":"9b34a7f5-4d31-4696-9bf8-dd244f1f38c8","method":"POST","path":"/v1/api/payroll/","resp_time":292.203,"status":200,"client_ip":"::1","time":"2025-06-10T09:17:43+07:00","message":"insert successfully"}
{"level":"info","request_id":"d35d982e-64f6-4e2c-9dc8-1638c24115de","method":"POST","path":"/v1/api/payroll/","resp_time":607.645,"status":200,"client_ip":"::1","time":"2025-06-10T09:47:59+07:00","message":"insert successfully"}
{"level":"info","request_id":"7fb7e3b0-a02b-418b-b596-88ddf5e5d536","method":"POST","path":"/v1/api/payroll/","resp_time":613.993,"status":200,"client_ip":"::1","time":"2025-06-10T09:54:16+07:00","message":"token has invalid claims"}
{"level":"info","request_id":"ed44510b-06bf-4023-ac6f-c1e7e0b5ae0b","method":"POST","path":"/v1/api/payroll/","resp_time":893.263,"status":200,"client_ip":"::1","time":"2025-06-10T09:54:20+07:00","message":"token has invalid claims"}
{"level":"info","request_id":"32b0a0ec-eb33-4613-92c4-03e52faaaad6","method":"POST","path":"/v1/public-api/user/login","resp_time":1634.148,"status":200,"client_ip":"::1","time":"2025-06-10T09:54:24+07:00","message":"login successfully"}
{"level":"info","request_id":"c15b85b1-0264-49be-a292-4281ce95a2c5","method":"POST","path":"/v1/api/payroll/","resp_time":784.129,"status":200,"client_ip":"::1","time":"2025-06-10T09:54:37+07:00","message":"insert successfully"}
{"level":"info","request_id":"5289636f-596d-404b-aa35-c82d21d9e8fc","method":"POST","path":"/v1/api/payroll/","resp_time":282.864,"status":200,"client_ip":"::1","time":"2025-06-10T09:57:00+07:00","message":"insert successfully"}
{"level":"info","request_id":"098da243-dac9-4000-bb92-61c7f3f08783","method":"POST","path":"/v1/api/payroll/","resp_time":956.65,"status":200,"client_ip":"::1","time":"2025-06-10T09:59:15+07:00","message":"insert successfully"}
{"level":"info","request_id":"9be447be-0164-4ada-9c7d-c4bed2ae70cf","method":"POST","path":"/v1/api/payroll/","resp_time":165.745,"status":200,"client_ip":"::1","time":"2025-06-10T10:01:39+07:00","message":"insert successfully"}
{"level":"info","request_id":"55410065-c456-41b8-9eaa-6cd0e2c18a08","method":"POST","path":"/v1/api/payroll/","resp_time":545,"status":200,"client_ip":"::1","time":"2025-06-10T10:18:05+07:00","message":"ERROR: column \"payroll_date\" of relation \"payroll\" does not exist (SQLSTATE 42703)"}
{"level":"info","request_id":"b1c7c633-0c64-4f9a-a638-08a2822d9099","method":"POST","path":"/v1/public-api/user/register","resp_time":1241.748,"status":200,"client_ip":"::1","time":"2025-06-10T10:18:40+07:00","message":"register successfully"}
{"level":"info","request_id":"0d10cae3-6a99-4589-a81b-d9502b4deaab","method":"POST","path":"/v1/api/attendance/employee","resp_time":739.371,"status":200,"client_ip":"::1","time":"2025-06-10T10:18:50+07:00","message":"insert CHECK IN successfully"}
{"level":"info","request_id":"8ec60460-513e-4cdc-b0b8-8a91fab95e6b","method":"POST","path":"/v1/api/attendance/admin","resp_time":138.805,"status":200,"client_ip":"::1","time":"2025-06-10T10:19:00+07:00","message":"insert successfully"}
{"level":"info","request_id":"7d646425-6786-45ad-a7e6-c33794adc0ee","method":"POST","path":"/v1/api/attendance/overtime","resp_time":798.21,"status":200,"client_ip":"::1","time":"2025-06-10T10:19:04+07:00","message":"overtime must be proposed after check out"}
{"level":"info","request_id":"7d00884d-7422-42bd-9ee9-40c8369621ea","method":"POST","path":"/v1/api/attendance/employee","resp_time":55.253,"status":200,"client_ip":"::1","time":"2025-06-10T10:19:11+07:00","message":"insert CHECK OUT successfully"}
{"level":"info","request_id":"453d6f15-4a01-46d5-be5e-32eec5fac92d","method":"POST","path":"/v1/api/attendance/overtime","resp_time":844.778,"status":200,"client_ip":"::1","time":"2025-06-10T10:19:14+07:00","message":"insert successfully"}
{"level":"info","request_id":"9b1fd31e-f5ba-4c65-b838-28176fe43317","method":"POST","path":"/v1/api/reimbursement/","resp_time":630.555,"status":200,"client_ip":"::1","time":"2025-06-10T10:19:20+07:00","message":"insert successfully"}
{"level":"info","request_id":"b813d282-bd35-4c79-8d9e-fddbe2da471e","method":"POST","path":"/v1/api/payroll/","resp_time":1037.954,"status":200,"client_ip":"::1","time":"2025-06-10T10:19:29+07:00","message":"insert successfully"}
{"level":"info","request_id":"0193c8f5-16d3-4f60-86ac-fb1ad739d0d0","method":"POST","path":"/v1/api/payroll/","resp_time":823.407,"status":200,"client_ip":"::1","time":"2025-06-10T10:19:51+07:00","message":"insert successfully"}
{"level":"info","request_id":"0aa28c45-9b2a-4c31-9f38-653530c510a5","method":"POST","path":"/v1/api/payroll/","resp_time":539.374,"status":200,"client_ip":"::1","time":"2025-06-10T10:21:06+07:00","message":"insert successfully"}
{"level":"info","request_id":"f98d4d7b-0cc1-4058-acce-b63871f6db64","method":"POST","path":"/v1/api/payroll/","resp_time":434.345,"status":200,"client_ip":"::1","time":"2025-06-10T10:22:13+07:00","message":"insert successfully"}
{"level":"info","request_id":"dd931d16-f16f-49df-b2aa-5fe3839e2d19","method":"POST","path":"/v1/api/payroll/","resp_time":278.5,"status":200,"client_ip":"::1","time":"2025-06-10T10:23:27+07:00","message":"Payroll already exist"}
{"level":"info","request_id":"82631a57-6034-4fd6-9cf1-499a8768b7fd","method":"POST","path":"/v1/api/payroll/","resp_time":773.623,"status":200,"client_ip":"::1","time":"2025-06-10T10:23:55+07:00","message":"insert successfully"}
{"level":"info","request_id":"d06f549b-b784-4dc5-b002-087646c3c9d5","method":"POST","path":"/v1/api/payroll/","resp_time":621.534,"status":200,"client_ip":"::1","time":"2025-06-10T10:24:29+07:00","message":"insert successfully"}
{"level":"info","request_id":"11670e24-0803-4930-85f4-d2f1d22cfe8f","method":"POST","path":"/v1/api/payroll/","resp_time":454.984,"status":200,"client_ip":"::1","time":"2025-06-10T10:25:59+07:00","message":"Payroll already exist"}
{"level":"info","request_id":"dda5fc5f-89e1-4c28-8606-7d0fa53667da","method":"POST","path":"/v1/api/payroll/","resp_time":960.67,"status":200,"client_ip":"::1","time":"2025-06-10T10:31:15+07:00","message":"insert successfully"}
{"level":"info","request_id":"7ee795e0-ca5f-419f-8695-9c2f2e4b464d","method":"POST","path":"/v1/api/payroll/","resp_time":875.444,"status":200,"client_ip":"::1","time":"2025-06-10T10:34:37+07:00","message":"ERROR: syntax error at or near \"\u0002\" (SQLSTATE 42601)"}
{"level":"info","request_id":"ce294d5a-57a1-4fe9-85e2-c0faa1df9b16","method":"POST","path":"/v1/api/payroll/","resp_time":791.716,"status":200,"client_ip":"::1","time":"2025-06-10T10:36:35+07:00","message":"ERROR: invalid input syntax for type double precision: \"\u0002\" (SQLSTATE 22P02)"}
{"level":"info","request_id":"08b4ec99-206c-4b46-94e1-6dc186098122","method":"POST","path":"/v1/api/payroll/","resp_time":1001.743,"status":200,"client_ip":"::1","time":"2025-06-10T10:39:00+07:00","message":"empty slice found"}
{"level":"info","request_id":"0c801a6b-b957-4197-9bdb-591dd04eceaa","method":"POST","path":"/v1/api/payroll/","resp_time":530.09,"status":200,"client_ip":"::1","time":"2025-06-10T10:40:19+07:00","message":"insert successfully"}
{"level":"info","request_id":"819aa834-e1a2-4ae6-8765-b2dfcfcc0e56","method":"POST","path":"/v1/public-api/user/login","resp_time":1662.471,"status":200,"client_ip":"::1","time":"2025-06-10T10:45:56+07:00","message":"login successfully"}
{"level":"info","request_id":"df426c57-cbb1-4a23-9168-21d9f9873de7","method":"POST","path":"/v1/api/attendance/employee","resp_time":890.947,"status":200,"client_ip":"::1","time":"2025-06-10T10:46:03+07:00","message":"insert CHECK IN successfully"}
{"level":"info","request_id":"ff877057-9060-4471-92f9-893c5e54e6e0","method":"POST","path":"/v1/api/attendance/admin","resp_time":654.232,"status":200,"client_ip":"::1","time":"2025-06-10T10:46:08+07:00","message":"insert successfully"}
{"level":"info","request_id":"6f5bdcf1-295b-4b42-b3ac-a6aa7cf2364d","method":"POST","path":"/v1/api/attendance/overtime","resp_time":512.195,"status":200,"client_ip":"::1","time":"2025-06-10T10:46:14+07:00","message":"overtime must be proposed after check out"}
{"level":"info","request_id":"e31c6d3b-7d55-4cf4-88cf-c966fe6b3d18","method":"POST","path":"/v1/api/attendance/employee","resp_time":411.069,"status":200,"client_ip":"::1","time":"2025-06-10T10:46:19+07:00","message":"insert CHECK OUT successfully"}
{"level":"info","request_id":"b7a1dc36-8c4a-4a95-8fcf-efc0c6be61de","method":"POST","path":"/v1/public-api/user/register","resp_time":1994.518,"status":200,"client_ip":"::1","time":"2025-06-10T10:49:00+07:00","message":"register successfully"}
{"level":"info","request_id":"4252fce9-8051-4332-bffc-4bec711804aa","method":"POST","path":"/v1/public-api/user/register","resp_time":345.711,"status":200,"client_ip":"::1","time":"2025-06-10T11:01:08+07:00","message":"user already exists"}
{"level":"info","request_id":"78f881d3-d3a2-4aa9-9079-e1d9eb0f507d","method":"POST","path":"/v1/public-api/user/login","resp_time":1734.994,"status":200,"client_ip":"::1","time":"2025-06-10T11:01:18+07:00","message":"login successfully"}
{"level":"info","request_id":"ae17048c-9618-4aac-9267-f9ba8f7be3eb","method":"POST","path":"/v1/api/payroll/","resp_time":306.032,"status":200,"client_ip":"::1","time":"2025-06-10T11:01:29+07:00","message":"insert successfully"}
{"level":"info","request_id":"a1341bb7-682a-4f47-9b48-e878ddcfc0d2","method":"POST","path":"/v1/api/payroll/","resp_time":185.499,"status":200,"client_ip":"::1","time":"2025-06-10T11:10:25+07:00","message":"insert successfully"}
{"level":"info","request_id":"10ab2ab6-dc75-463c-aed6-6347521ed81a","method":"POST","path":"/v1/api/payroll/","resp_time":797.37,"status":200,"client_ip":"::1","time":"2025-06-10T11:11:59+07:00","message":"Payroll already exist"}
{"level":"info","request_id":"07c9c9ef-1bee-4e06-ba6e-a7f4ad2f2fb4","method":"POST","path":"/v1/api/payroll/","resp_time":186.417,"status":200,"client_ip":"::1","time":"2025-06-10T11:12:17+07:00","message":"insert successfully"}
{"level":"info","request_id":"a9f928c8-fc5b-40cb-b701-f31f2138767d","method":"POST","path":"/v1/api/payroll/","resp_time":563.963,"status":200,"client_ip":"::1","time":"2025-06-10T11:12:41+07:00","message":"insert successfully"}
{"level":"info","request_id":"414798c5-9647-4844-9a57-c330b75cc975","method":"POST","path":"/v1/api/payroll/get-payslip","resp_time":203.939,"status":200,"client_ip":"::1","time":"2025-06-10T11:42:33+07:00","message":"insert successfully"}
{"level":"info","request_id":"4e735f14-6217-4b74-bd8e-28434bd63903","method":"POST","path":"/v1/api/payroll/get-payslip","resp_time":526.571,"status":200,"client_ip":"::1","time":"2025-06-10T11:43:30+07:00","message":"insert successfully"}
{"level":"info","request_id":"13ec7b43-50bb-4b79-ae4b-14630c518453","method":"POST","path":"/v1/api/payroll/","resp_time":114.248,"status":200,"client_ip":"::1","time":"2025-06-10T11:47:03+07:00","message":"ERROR: column \"em.username\" must appear in the GROUP BY clause or be used in an aggregate function (SQLSTATE 42803)"}
{"level":"info","request_id":"6a03645c-59da-4664-b854-d923947604d9","method":"POST","path":"/v1/api/payroll/","resp_time":230.773,"status":200,"client_ip":"::1","time":"2025-06-10T11:47:40+07:00","message":"insert successfully"}
{"level":"info","request_id":"7c597b3a-6ce4-4e5b-808e-b86a8adc04d2","method":"POST","path":"/v1/api/payroll/get-payslip","resp_time":428.729,"status":200,"client_ip":"::1","time":"2025-06-10T11:47:56+07:00","message":"get data successfully"}
{"level":"info","request_id":"612b8b85-7631-4bab-abcd-8c50b551768f","method":"POST","path":"/v1/api/payroll/get-payslip","resp_time":437.439,"status":200,"client_ip":"::1","time":"2025-06-10T11:48:23+07:00","message":"get data successfully"}
{"level":"info","request_id":"9821f9bf-b93b-49f5-af5e-48c0ab83260a","method":"POST","path":"/v1/api/payroll/get-all-payslip","resp_time":138.659,"status":200,"client_ip":"::1","time":"2025-06-10T11:49:19+07:00","message":"get data successfully"}
{"level":"info","request_id":"084ea135-1d8f-409a-b712-087ddd1f4df1","method":"POST","path":"/v1/api/payroll/get-all-payslip","resp_time":938.283,"status":200,"client_ip":"::1","time":"2025-06-10T11:49:24+07:00","message":"get data successfully"}
{"level":"info","request_id":"ec73eca8-3794-4a59-8da2-a39d3a864ca4","method":"POST","path":"/v1/api/payroll/get-all-payslip","resp_time":381.59,"status":200,"client_ip":"::1","time":"2025-06-10T11:51:15+07:00","message":"get data successfully"}
{"level":"info","request_id":"df5fadc5-2376-4f65-b3ee-50c6678a289f","method":"POST","path":"/v1/api/payroll/get-all-payslip","resp_time":31.321,"status":200,"client_ip":"::1","time":"2025-06-10T12:05:41+07:00","message":"token has invalid claims"}
{"level":"info","request_id":"88e91ef9-e308-4edd-b142-1436c9de48cc","method":"POST","path":"/v1/public-api/user/login","resp_time":1375.559,"status":200,"client_ip":"::1","time":"2025-06-10T12:05:46+07:00","message":"login successfully"}
{"level":"info","request_id":"d1f5da13-9351-4c50-9a55-689ce542abeb","method":"POST","path":"/v1/api/payroll/get-all-payslip","resp_time":545.248,"status":200,"client_ip":"::1","time":"2025-06-10T12:05:54+07:00","message":"get data successfully"}
{"level":"info","request_id":"f0bc9b75-b6ff-48a5-ba77-afbffadf709a","method":"POST","path":"/v1/api/payroll/get-payslip","resp_time":115.897,"status":200,"client_ip":"::1","time":"2025-06-10T12:06:01+07:00","message":"get data successfully"}
{"level":"info","request_id":"f6ad15e9-f450-4aaa-ad06-d566a1beee37","method":"POST","path":"/v1/api/payroll/get-payslip","resp_time":813.775,"status":200,"client_ip":"::1","time":"2025-06-10T12:06:07+07:00","message":"get data successfully"}
{"level":"info","request_id":"ff04f539-070e-4efb-a4fa-021b1325479e","method":"POST","path":"/v1/api/reimbursement/","resp_time":204.593,"status":200,"client_ip":"::1","time":"2025-06-10T12:06:28+07:00","message":"token has invalid claims"}
{"level":"info","request_id":"5e38a605-7ec5-4bf7-bc08-23fc80149e32","method":"POST","path":"/v1/api/reimbursement/","resp_time":345.599,"status":200,"client_ip":"::1","time":"2025-06-10T12:06:33+07:00","message":"insert successfully"}
{"level":"info","request_id":"34bfb080-700b-489a-967f-961ce9319d89","method":"POST","path":"/v1/api/payroll/get-payslip","resp_time":605.047,"status":200,"client_ip":"::1","time":"2025-06-10T12:06:37+07:00","message":"get data successfully"}
{"level":"info","request_id":"aff41283-7a1c-4bae-a4d0-682703c0a5c0","method":"POST","path":"/v1/api/payroll/","resp_time":441.343,"status":200,"client_ip":"::1","time":"2025-06-10T12:11:42+07:00","message":"token has invalid claims"}
{"level":"info","request_id":"f8d21e22-e1fb-4cd6-b21b-4b17cffdbeb6","method":"POST","path":"/v1/api/payroll/","resp_time":369.941,"status":200,"client_ip":"::1","time":"2025-06-10T12:12:04+07:00","message":"insert successfully"}
{"level":"info","request_id":"93fe98dc-4d2c-4d6d-8f62-3064f436ab78","method":"POST","path":"/v1/api/payroll/get-all-payslip","resp_time":261.378,"status":200,"client_ip":"::1","time":"2025-06-10T12:12:10+07:00","message":"get data successfully"}
{"level":"info","request_id":"4add9d56-ec55-4564-85b9-e6d4dd1d7079","method":"POST","path":"/v1/public-api/user/login","resp_time":1358.423,"status":200,"client_ip":"::1","time":"2025-06-10T13:46:40+07:00","message":"login successfully"}
{"level":"info","request_id":"0420a69b-83f3-4ae9-b638-39b15d3215fd","method":"POST","path":"/v1/public-api/user/register","resp_time":1227.457,"status":200,"client_ip":"::1","time":"2025-06-10T13:47:22+07:00","message":"register successfully"}
{"level":"info","request_id":"f0832939-4f1b-43aa-a809-04c1c44cb403","method":"POST","path":"/v1/public-api/user/register","resp_time":1200.214,"status":200,"client_ip":"::1","time":"2025-06-10T13:48:10+07:00","message":"register successfully"}
{"level":"info","request_id":"3c03948b-5436-4d53-831a-8c2a9df9ac85","method":"POST","path":"/v1/public-api/user/register","resp_time":2018.882,"status":200,"client_ip":"::1","time":"2025-06-10T13:49:45+07:00","message":"register successfully"}
{"level":"info","request_id":"9171d0d4-fb61-4666-a11f-cf0b4c58d514","method":"POST","path":"/v1/public-api/user/login","resp_time":1335.464,"status":200,"client_ip":"::1","time":"2025-06-10T14:08:39+07:00","message":"login successfully"}
{"level":"info","request_id":"0e84a34f-7ba9-4ee1-9f68-479bd0dc4f61","method":"GET","path":"/v1/api/profile/","resp_time":291.348,"status":200,"client_ip":"::1","time":"2025-06-10T14:08:51+07:00","message":"get user successfully"}
{"level":"info","request_id":"1bf41ab9-4dc1-43fc-9543-c973f84cb9bc","method":"POST","path":"/v1/public-api/user/login","resp_time":2030.387,"status":200,"client_ip":"::1","time":"2025-06-10T14:09:58+07:00","message":"login successfully"}
{"level":"info","request_id":"ba925e0f-2e6d-4f1f-a5b1-ba94616c27cb","method":"GET","path":"/v1/api/profile/","resp_time":805.447,"status":200,"client_ip":"::1","time":"2025-06-10T14:10:06+07:00","message":"get user successfully"}
{"level":"info","request_id":"aad77ba2-4f9d-4a57-8a7d-59437e1c878a","method":"POST","path":"/v1/public-api/user/register","resp_time":1314.63,"status":200,"client_ip":"::1","time":"2025-11-09T06:46:00+07:00","message":"register successfully"}
{"level":"info","request_id":"3229488f-ec8d-4b1c-8c57-69065ca3893b","method":"POST","path":"/v1/api/post/","resp_time":675.332,"status":200,"client_ip":"::1","time":"2025-11-09T06:46:12+07:00","message":"ERROR: column \"user\" of relation \"posts\" does not exist (SQLSTATE 42703)"}
{"level":"info","request_id":"8eaf5fc7-ac1e-4259-a9c1-112a0a43a5a2","method":"POST","path":"/v1/api/post/","resp_time":241.332,"status":200,"client_ip":"::1","time":"2025-11-09T06:47:31+07:00","message":"insert successfully"}
{"level":"info","request_id":"e087d941-3b8e-4b65-9e40-781f59cf3590","method":"PUT","path":"/v1/api/post/6bd524d6-d87a-4af4-bcb8-331968f4c07b","resp_time":762.838,"status":200,"client_ip":"::1","time":"2025-11-09T07:04:03+07:00","message":"token has invalid claims"}
{"level":"info","request_id":"1e4e9d4c-c3a3-4882-96b5-5dd1a78285a5","method":"PUT","path":"/v1/api/post/6bd524d6-d87a-4af4-bcb8-331968f4c07b","resp_time":743.245,"status":200,"client_ip":"::1","time":"2025-11-09T07:04:16+07:00","message":"update successfully"}
